
=======  组合个数: channel=0
SHURE WH30	Honda Accord	F	2	44: ['2310', '2820', '2540', '2380', '2760', '2160', '2610', '2680', '2860', '2340', '2220', '2120', '2080', '2530', '2010', '2300', '2570', '2590', '2450', '2110', '2020', '2750', '2690', '2230', '2480', '2240', '2060', '2560', '2360', '2580', '2420', '2100', '2510', '2630', '2740', '2550', '2390', '2250', '2470', '2170', '2600', '2810', '2180', '2430']
SHURE WH30	Honda Accord	F	3	22: ['2260', '1990', '2940', '2650', '2400', '2280', '2830', '2620', '2870', '2090', '2520', '2700', '2290', '2190', '2200', '2030', '1970', '2320', '2490', '2070', '1980', '2950']
SHURE WH30	Honda Accord	F	4	11: ['3920', '3250', '3410', '3840', '3690', '1040', '3650', '3610', '3680', '3180', '2000']
SHURE WH30	Honda Accord	F	5	31: ['1940', '3990', '3140', '3670', '2980', '3060', '3930', '1950', '3740', '3150', '3080', '3280', '3880', '3230', '1960', '3970', '3400', '3270', '3000', '0000', '3430', '3910', '3980', '3130', '3640', '3460', '3600', '3070', '3100', '3420', '3190']
SHURE WH30	Honda Accord	M	2	15: ['2910', '2440', '2040', '2710', '2900', '3900', '2330', '2410', '2890', '2840', '2770', '2670', '2350', '2500', '2640']
SHURE WH30	Honda Accord	M	3	24: ['2850', '3890', '2150', '2270', '2370', '2050', '2880', '3870', '2970', '2460', '2140', '2790', '2660', '2930', '2800', '2730', '3860', '2960', '2780', '3950', '2920', '2210', '2130', '2720']
SHURE WH30	Honda Accord	M	4	40: ['3550', '3330', '3770', '3380', '3580', '3800', '3290', '3450', '3510', '3200', '3960', '3630', '3340', '3700', '3790', '3240', '3660', '3390', '3520', '3440', '3350', '3710', '3490', '3120', '3820', '3570', '3310', '3720', '3530', '3540', '3220', '3320', '3760', '3480', '2990', '3810', '3260', '3500', '3730', '3780']
SHURE WH30	Honda Accord	M	5	21: ['3850', '3020', '3090', '3110', '3830', '3560', '3300', '3010', '3590', '3620', '3050', '3940', '3470', '3750', '3160', '3360', '3040', '3030', '3210', '3170', '3370']
SHURE WH30	Toyota Corolla	F	2	60: ['0540', '0930', '1060', '0680', '1400', '1530', '0500', '0390', '1190', '1170', '1270', '1300', '0430', '1480', '0990', '0260', '0210', '0740', '0190', '1000', '1500', '0790', '0400', '0220', '1760', '0310', '1540', '0140', '1460', '1820', '0850', '0350', '0290', '0980', '0270', '0170', '1420', '0180', '1580', '0670', '1450', '0780', '0410', '0820', '0550', '1770', '0730', '0300', '0040', '0600', '1410', '1930', '1630', '0340', '0460', '0160', '1590', '0760', '1440', '1800']
SHURE WH30	Toyota Corolla	F	3	21: ['0720', '1010', '1840', '0970', '0570', '0890', '1830', '1370', '0840', '0690', '0660', '0960', '0490', '0560', '0030', '1380', '1860', '1850', '1390', '0580', '0640']
SHURE WH30	Toyota Corolla	F	4	6: ['0420', '0620', '1430', '0380', '1510', '1110']
SHURE WH30	Toyota Corolla	F	5	3: ['1700', '1610', '1560']
SHURE WH30	Toyota Corolla	M	2	42: ['0830', '1790', '0330', '0110', '0750', '0200', '0610', '1230', '1330', '1240', '1900', '0480', '1620', '0370', '0250', '0650', '1750', '1470', '0090', '0920', '0440', '0100', '1220', '1340', '1910', '0810', '0700', '1260', '0630', '0520', '0910', '0590', '1030', '1600', '1780', '0120', '0860', '0240', '1020', '1180', '0880', '1890']
SHURE WH30	Toyota Corolla	M	3	39: ['1490', '1080', '1120', '0050', '0470', '0800', '0020', '1880', '1280', '0150', '1570', '0530', '1710', '0320', '1130', '1870', '0360', '1680', '1140', '0130', '1310', '1920', '0450', '0770', '1210', '0070', '1100', '0950', '1810', '0230', '1070', '1090', '1150', '1320', '1520', '1250', '1200', '1290', '1360']
SHURE WH30	Toyota Corolla	M	4	15: ['1660', '1050', '0710', '0280', '0060', '1720', '1350', '1670', '1550', '0900', '0510', '1740', '1160', '0010', '0080']
SHURE WH30	Toyota Corolla	M	5	6: ['0870', '1690', '1650', '1640', '1730', '0940']

 选取的说话人: 
0830
3550
1940
3920
1700
0420
2910
3850
1660
2850
0720
1490
0540
2260
0870
2310
1790
3330
3990
3250
1610
0620
2440
3020
1050
3890
1010
1080
0930
1990
1690
2820
0330
3770
3140
3410
1560
1430
2040
3090
0710
2150
1840
1120
1060
2940
1650
2540
0110
3380
3670
3840
0380
2710
3110
0280
2270
0970
0050
0680
2650
1640
2380
0750
3580
2980
3690
1510
2900
3830
0060
2370
0570
0470
1400
2400
1730
2760
0200
3800
3060
1040
1110
3900
3560
1720
2050
0890
0800
1530
2280
0940
2160
0610
3290
3930
3650
2330
3300
1350

rate:
SHURE WH30	100	100.00

rate:
Honda Accord	53	53.00
Toyota Corolla	47	47.00

=======  组合个数: channel=1
Sennheiser ME104	Honda Accord	F	2	44: ['2310', '2820', '2540', '2380', '2760', '2160', '2610', '2680', '2860', '2340', '2220', '2120', '2080', '2530', '2010', '2300', '2570', '2590', '2450', '2110', '2020', '2750', '2690', '2230', '2480', '2240', '2060', '2560', '2360', '2580', '2420', '2100', '2510', '2630', '2740', '2550', '2390', '2250', '2470', '2170', '2600', '2810', '2180', '2430']
Sennheiser ME104	Honda Accord	F	3	22: ['2260', '1990', '2940', '2650', '2400', '2280', '2830', '2620', '2870', '2090', '2520', '2700', '2290', '2190', '2200', '2030', '1970', '2320', '2490', '2070', '1980', '2950']
Sennheiser ME104	Honda Accord	F	4	11: ['3920', '3250', '3410', '3840', '3690', '1040', '3650', '3610', '3680', '3180', '2000']
Sennheiser ME104	Honda Accord	F	5	31: ['1940', '3990', '3140', '3670', '2980', '3060', '3930', '1950', '3740', '3150', '3080', '3280', '3880', '3230', '1960', '3970', '3400', '3270', '3000', '0000', '3430', '3910', '3980', '3130', '3640', '3460', '3600', '3070', '3100', '3420', '3190']
Sennheiser ME104	Honda Accord	M	2	15: ['2910', '2440', '2040', '2710', '2900', '3900', '2330', '2410', '2890', '2840', '2770', '2670', '2350', '2500', '2640']
Sennheiser ME104	Honda Accord	M	3	24: ['2850', '3890', '2150', '2270', '2370', '2050', '2880', '3870', '2970', '2460', '2140', '2790', '2660', '2930', '2800', '2730', '3860', '2960', '2780', '3950', '2920', '2210', '2130', '2720']
Sennheiser ME104	Honda Accord	M	4	40: ['3550', '3330', '3770', '3380', '3580', '3800', '3290', '3450', '3510', '3200', '3960', '3630', '3340', '3700', '3790', '3240', '3660', '3390', '3520', '3440', '3350', '3710', '3490', '3120', '3820', '3570', '3310', '3720', '3530', '3540', '3220', '3320', '3760', '3480', '2990', '3810', '3260', '3500', '3730', '3780']
Sennheiser ME104	Honda Accord	M	5	21: ['3850', '3020', '3090', '3110', '3830', '3560', '3300', '3010', '3590', '3620', '3050', '3940', '3470', '3750', '3160', '3360', '3040', '3030', '3210', '3170', '3370']
Sennheiser ME104	Toyota Corolla	F	2	60: ['0540', '0930', '1060', '0680', '1400', '1530', '0500', '0390', '1190', '1170', '1270', '1300', '0430', '1480', '0990', '0260', '0210', '0740', '0190', '1000', '1500', '0790', '0400', '0220', '1760', '0310', '1540', '0140', '1460', '1820', '0850', '0350', '0290', '0980', '0270', '0170', '1420', '0180', '1580', '0670', '1450', '0780', '0410', '0820', '0550', '1770', '0730', '0300', '0040', '0600', '1410', '1930', '1630', '0340', '0460', '0160', '1590', '0760', '1440', '1800']
Sennheiser ME104	Toyota Corolla	F	3	21: ['0720', '1010', '1840', '0970', '0570', '0890', '1830', '1370', '0840', '0690', '0660', '0960', '0490', '0560', '0030', '1380', '1860', '1850', '1390', '0580', '0640']
Sennheiser ME104	Toyota Corolla	F	4	6: ['0420', '0620', '1430', '0380', '1510', '1110']
Sennheiser ME104	Toyota Corolla	F	5	3: ['1700', '1610', '1560']
Sennheiser ME104	Toyota Corolla	M	2	42: ['0830', '1790', '0330', '0110', '0750', '0200', '0610', '1230', '1330', '1240', '1900', '0480', '1620', '0370', '0250', '0650', '1750', '1470', '0090', '0920', '0440', '0100', '1220', '1340', '1910', '0810', '0700', '1260', '0630', '0520', '0910', '0590', '1030', '1600', '1780', '0120', '0860', '0240', '1020', '1180', '0880', '1890']
Sennheiser ME104	Toyota Corolla	M	3	39: ['1490', '1080', '1120', '0050', '0470', '0800', '0020', '1880', '1280', '0150', '1570', '0530', '1710', '0320', '1130', '1870', '0360', '1680', '1140', '0130', '1310', '1920', '0450', '0770', '1210', '0070', '1100', '0950', '1810', '0230', '1070', '1090', '1150', '1320', '1520', '1250', '1200', '1290', '1360']
Sennheiser ME104	Toyota Corolla	M	4	15: ['1660', '1050', '0710', '0280', '0060', '1720', '1350', '1670', '1550', '0900', '0510', '1740', '1160', '0010', '0080']
Sennheiser ME104	Toyota Corolla	M	5	6: ['0870', '1690', '1650', '1640', '1730', '0940']

 选取的说话人: 
1670
3010
1950
3610
3450
2410
0500
1230
2880
2610
2830
0020
1830
1550
3590
3740
3680
3510
2890
0390
1330
3870
2680
2620
1880
1370
0900
3620
3150
3180
3200
2840
1190
1240
2970
2860
2870
1280
0840
0510
3050
3080
2000
3960
2770
1170
1900
2460
2340
2090
0150
0690
1740
3940
3280
3630
2670
1270
0480
2140
2220
2520
1570
0660
1160
3470
3880
3340
2350
1300
1620
2790
2120
2700
0530
0960
0010
3750
3230
3700
2500
0430
0370
2660
2080
2290
1710
0490
0080
3160
1960
3790
2640
1480
0250
2930
2530
2190
0320
0560

rate:
Sennheiser ME104	100	100.00

rate:
Honda Accord	60	60.00
Toyota Corolla	40	40.00

=======  组合个数: channel=2
AKG C400BL	Honda Accord	F	2	44: ['2310', '2820', '2540', '2380', '2760', '2160', '2610', '2680', '2860', '2340', '2220', '2120', '2080', '2530', '2010', '2300', '2570', '2590', '2450', '2110', '2020', '2750', '2690', '2230', '2480', '2240', '2060', '2560', '2360', '2580', '2420', '2100', '2510', '2630', '2740', '2550', '2390', '2250', '2470', '2170', '2600', '2810', '2180', '2430']
AKG C400BL	Honda Accord	F	3	22: ['2260', '1990', '2940', '2650', '2400', '2280', '2830', '2620', '2870', '2090', '2520', '2700', '2290', '2190', '2200', '2030', '1970', '2320', '2490', '2070', '1980', '2950']
AKG C400BL	Honda Accord	F	4	11: ['3920', '3250', '3410', '3840', '3690', '1040', '3650', '3610', '3680', '3180', '2000']
AKG C400BL	Honda Accord	F	5	31: ['1940', '3990', '3140', '3670', '2980', '3060', '3930', '1950', '3740', '3150', '3080', '3280', '3880', '3230', '1960', '3970', '3400', '3270', '3000', '0000', '3430', '3910', '3980', '3130', '3640', '3460', '3600', '3070', '3100', '3420', '3190']
AKG C400BL	Honda Accord	M	2	15: ['2910', '2440', '2040', '2710', '2900', '3900', '2330', '2410', '2890', '2840', '2770', '2670', '2350', '2500', '2640']
AKG C400BL	Honda Accord	M	3	24: ['2850', '3890', '2150', '2270', '2370', '2050', '2880', '3870', '2970', '2460', '2140', '2790', '2660', '2930', '2800', '2730', '3860', '2960', '2780', '3950', '2920', '2210', '2130', '2720']
AKG C400BL	Honda Accord	M	4	40: ['3550', '3330', '3770', '3380', '3580', '3800', '3290', '3450', '3510', '3200', '3960', '3630', '3340', '3700', '3790', '3240', '3660', '3390', '3520', '3440', '3350', '3710', '3490', '3120', '3820', '3570', '3310', '3720', '3530', '3540', '3220', '3320', '3760', '3480', '2990', '3810', '3260', '3500', '3730', '3780']
AKG C400BL	Honda Accord	M	5	21: ['3850', '3020', '3090', '3110', '3830', '3560', '3300', '3010', '3590', '3620', '3050', '3940', '3470', '3750', '3160', '3360', '3040', '3030', '3210', '3170', '3370']
AKG C400BL	Toyota Corolla	F	2	60: ['0540', '0930', '1060', '0680', '1400', '1530', '0500', '0390', '1190', '1170', '1270', '1300', '0430', '1480', '0990', '0260', '0210', '0740', '0190', '1000', '1500', '0790', '0400', '0220', '1760', '0310', '1540', '0140', '1460', '1820', '0850', '0350', '0290', '0980', '0270', '0170', '1420', '0180', '1580', '0670', '1450', '0780', '0410', '0820', '0550', '1770', '0730', '0300', '0040', '0600', '1410', '1930', '1630', '0340', '0460', '0160', '1590', '0760', '1440', '1800']
AKG C400BL	Toyota Corolla	F	3	21: ['0720', '1010', '1840', '0970', '0570', '0890', '1830', '1370', '0840', '0690', '0660', '0960', '0490', '0560', '0030', '1380', '1860', '1850', '1390', '0580', '0640']
AKG C400BL	Toyota Corolla	F	4	6: ['0420', '0620', '1430', '0380', '1510', '1110']
AKG C400BL	Toyota Corolla	F	5	3: ['1700', '1610', '1560']
AKG C400BL	Toyota Corolla	M	2	42: ['0830', '1790', '0330', '0110', '0750', '0200', '0610', '1230', '1330', '1240', '1900', '0480', '1620', '0370', '0250', '0650', '1750', '1470', '0090', '0920', '0440', '0100', '1220', '1340', '1910', '0810', '0700', '1260', '0630', '0520', '0910', '0590', '1030', '1600', '1780', '0120', '0860', '0240', '1020', '1180', '0880', '1890']
AKG C400BL	Toyota Corolla	M	3	39: ['1490', '1080', '1120', '0050', '0470', '0800', '0020', '1880', '1280', '0150', '1570', '0530', '1710', '0320', '1130', '1870', '0360', '1680', '1140', '0130', '1310', '1920', '0450', '0770', '1210', '0070', '1100', '0950', '1810', '0230', '1070', '1090', '1150', '1320', '1520', '1250', '1200', '1290', '1360']
AKG C400BL	Toyota Corolla	M	4	15: ['1660', '1050', '0710', '0280', '0060', '1720', '1350', '1670', '1550', '0900', '0510', '1740', '1160', '0010', '0080']
AKG C400BL	Toyota Corolla	M	5	6: ['0870', '1690', '1650', '1640', '1730', '0940']

 选取的说话人: 
0990
0030
1130
0650
3360
3240
2800
3970
2010
2200
0260
1380
1870
1750
3040
3660
2730
3400
2300
2030
0210
1860
0360
1470
3030
3390
3860
3270
2570
1970
0740
1850
1680
0090
3210
3520
2960
3000
2590
2320
0190
1390
1140
0920
3170
3440
2780
0000
2450
2490
1000
0580
0130
0440
3370
3350
3950
3430
2110
2070
1500
0640
1310
0100
3710
2920
3910
2020
1980
0790
1920
1220
3490
2210
3980
2750
2950
0400
0450
1340
3120
2130
3130
2690
0220
0770
1910
3820
2720
3640
2230
1760
1210
0810
3570
3460
2480
0310
0070
0700

rate:
AKG C400BL	100	100.00

rate:
Honda Accord	57	57.00
Toyota Corolla	43	43.00

所有说话人的比例信息

rate:
F	140	46.67
M	160	53.33

rate:
18	8	2.67
19	42	14.00
20	43	14.33
21	30	10.00
22	18	6.00
23	8	2.67
24	16	5.33
25	4	1.33
26	6	2.00
27	2	0.67
28	7	2.33
29	2	0.67
31	1	0.33
32	2	0.67
33	3	1.00
34	1	0.33
35	6	2.00
36	16	5.33
37	9	3.00
38	7	2.33
39	6	2.00
40	7	2.33
41	3	1.00
42	8	2.67
43	11	3.67
44	12	4.00
45	22	7.33

rate:
China, Anhui	9	3.00
China, Beijing	24	8.00
China, Fujian	6	2.00
China, Gansu	14	4.67
China, Guangdong	3	1.00
China, Guangxi	8	2.67
China, Guizhou	2	0.67
China, Hainan	1	0.33
China, Hebei	30	10.00
China, Heilongjiang	19	6.33
China, Henan	21	7.00
China, Hubei	9	3.00
China, Hunan	7	2.33
China, Inner Mongolia	6	2.00
China, Jiangsu	7	2.33
China, Jiangxi	4	1.33
China, Jilin	14	4.67
China, Liaoning	14	4.67
China, Ningxia	4	1.33
China, Qinghai	2	0.67
China, Shaanxi	12	4.00
China, Shandong	28	9.33
China, Shanghai	2	0.67
China, Shanxi	30	10.00
China, Sichuan	7	2.33
China, Tianjin	6	2.00
China, Xinjiang	1	0.33
China, Yunnan	7	2.33
China, Zhejiang	3	1.00

trans_spk: 最终选取的说话人原始ID的转换:
dvc_ori	spk_ori	spk_new	
SHURE WH30	0830	SPEAKER0001
SHURE WH30	3550	SPEAKER0002
SHURE WH30	1940	SPEAKER0003
SHURE WH30	3920	SPEAKER0004
SHURE WH30	1700	SPEAKER0005
SHURE WH30	0420	SPEAKER0006
SHURE WH30	2910	SPEAKER0007
SHURE WH30	3850	SPEAKER0008
SHURE WH30	1660	SPEAKER0009
SHURE WH30	2850	SPEAKER0010
SHURE WH30	0720	SPEAKER0011
SHURE WH30	1490	SPEAKER0012
SHURE WH30	0540	SPEAKER0013
SHURE WH30	2260	SPEAKER0014
SHURE WH30	0870	SPEAKER0015
SHURE WH30	2310	SPEAKER0016
SHURE WH30	1790	SPEAKER0017
SHURE WH30	3330	SPEAKER0018
SHURE WH30	3990	SPEAKER0019
SHURE WH30	3250	SPEAKER0020
SHURE WH30	1610	SPEAKER0021
SHURE WH30	0620	SPEAKER0022
SHURE WH30	2440	SPEAKER0023
SHURE WH30	3020	SPEAKER0024
SHURE WH30	1050	SPEAKER0025
SHURE WH30	3890	SPEAKER0026
SHURE WH30	1010	SPEAKER0027
SHURE WH30	1080	SPEAKER0028
SHURE WH30	0930	SPEAKER0029
SHURE WH30	1990	SPEAKER0030
SHURE WH30	1690	SPEAKER0031
SHURE WH30	2820	SPEAKER0032
SHURE WH30	0330	SPEAKER0033
SHURE WH30	3770	SPEAKER0034
SHURE WH30	3140	SPEAKER0035
SHURE WH30	3410	SPEAKER0036
SHURE WH30	1560	SPEAKER0037
SHURE WH30	1430	SPEAKER0038
SHURE WH30	2040	SPEAKER0039
SHURE WH30	3090	SPEAKER0040
SHURE WH30	0710	SPEAKER0041
SHURE WH30	2150	SPEAKER0042
SHURE WH30	1840	SPEAKER0043
SHURE WH30	1120	SPEAKER0044
SHURE WH30	1060	SPEAKER0045
SHURE WH30	2940	SPEAKER0046
SHURE WH30	1650	SPEAKER0047
SHURE WH30	2540	SPEAKER0048
SHURE WH30	0110	SPEAKER0049
SHURE WH30	3380	SPEAKER0050
SHURE WH30	3670	SPEAKER0051
SHURE WH30	3840	SPEAKER0052
SHURE WH30	0380	SPEAKER0053
SHURE WH30	2710	SPEAKER0054
SHURE WH30	3110	SPEAKER0055
SHURE WH30	0280	SPEAKER0056
SHURE WH30	2270	SPEAKER0057
SHURE WH30	0970	SPEAKER0058
SHURE WH30	0050	SPEAKER0059
SHURE WH30	0680	SPEAKER0060
SHURE WH30	2650	SPEAKER0061
SHURE WH30	1640	SPEAKER0062
SHURE WH30	2380	SPEAKER0063
SHURE WH30	0750	SPEAKER0064
SHURE WH30	3580	SPEAKER0065
SHURE WH30	2980	SPEAKER0066
SHURE WH30	3690	SPEAKER0067
SHURE WH30	1510	SPEAKER0068
SHURE WH30	2900	SPEAKER0069
SHURE WH30	3830	SPEAKER0070
SHURE WH30	0060	SPEAKER0071
SHURE WH30	2370	SPEAKER0072
SHURE WH30	0570	SPEAKER0073
SHURE WH30	0470	SPEAKER0074
SHURE WH30	1400	SPEAKER0075
SHURE WH30	2400	SPEAKER0076
SHURE WH30	1730	SPEAKER0077
SHURE WH30	2760	SPEAKER0078
SHURE WH30	0200	SPEAKER0079
SHURE WH30	3800	SPEAKER0080
SHURE WH30	3060	SPEAKER0081
SHURE WH30	1040	SPEAKER0082
SHURE WH30	1110	SPEAKER0083
SHURE WH30	3900	SPEAKER0084
SHURE WH30	3560	SPEAKER0085
SHURE WH30	1720	SPEAKER0086
SHURE WH30	2050	SPEAKER0087
SHURE WH30	0890	SPEAKER0088
SHURE WH30	0800	SPEAKER0089
SHURE WH30	1530	SPEAKER0090
SHURE WH30	2280	SPEAKER0091
SHURE WH30	0940	SPEAKER0092
SHURE WH30	2160	SPEAKER0093
SHURE WH30	0610	SPEAKER0094
SHURE WH30	3290	SPEAKER0095
SHURE WH30	3930	SPEAKER0096
SHURE WH30	3650	SPEAKER0097
SHURE WH30	2330	SPEAKER0098
SHURE WH30	3300	SPEAKER0099
SHURE WH30	1350	SPEAKER0100
Sennheiser ME104	1670	SPEAKER0101
Sennheiser ME104	3010	SPEAKER0102
Sennheiser ME104	1950	SPEAKER0103
Sennheiser ME104	3610	SPEAKER0104
Sennheiser ME104	3450	SPEAKER0105
Sennheiser ME104	2410	SPEAKER0106
Sennheiser ME104	0500	SPEAKER0107
Sennheiser ME104	1230	SPEAKER0108
Sennheiser ME104	2880	SPEAKER0109
Sennheiser ME104	2610	SPEAKER0110
Sennheiser ME104	2830	SPEAKER0111
Sennheiser ME104	0020	SPEAKER0112
Sennheiser ME104	1830	SPEAKER0113
Sennheiser ME104	1550	SPEAKER0114
Sennheiser ME104	3590	SPEAKER0115
Sennheiser ME104	3740	SPEAKER0116
Sennheiser ME104	3680	SPEAKER0117
Sennheiser ME104	3510	SPEAKER0118
Sennheiser ME104	2890	SPEAKER0119
Sennheiser ME104	0390	SPEAKER0120
Sennheiser ME104	1330	SPEAKER0121
Sennheiser ME104	3870	SPEAKER0122
Sennheiser ME104	2680	SPEAKER0123
Sennheiser ME104	2620	SPEAKER0124
Sennheiser ME104	1880	SPEAKER0125
Sennheiser ME104	1370	SPEAKER0126
Sennheiser ME104	0900	SPEAKER0127
Sennheiser ME104	3620	SPEAKER0128
Sennheiser ME104	3150	SPEAKER0129
Sennheiser ME104	3180	SPEAKER0130
Sennheiser ME104	3200	SPEAKER0131
Sennheiser ME104	2840	SPEAKER0132
Sennheiser ME104	1190	SPEAKER0133
Sennheiser ME104	1240	SPEAKER0134
Sennheiser ME104	2970	SPEAKER0135
Sennheiser ME104	2860	SPEAKER0136
Sennheiser ME104	2870	SPEAKER0137
Sennheiser ME104	1280	SPEAKER0138
Sennheiser ME104	0840	SPEAKER0139
Sennheiser ME104	0510	SPEAKER0140
Sennheiser ME104	3050	SPEAKER0141
Sennheiser ME104	3080	SPEAKER0142
Sennheiser ME104	2000	SPEAKER0143
Sennheiser ME104	3960	SPEAKER0144
Sennheiser ME104	2770	SPEAKER0145
Sennheiser ME104	1170	SPEAKER0146
Sennheiser ME104	1900	SPEAKER0147
Sennheiser ME104	2460	SPEAKER0148
Sennheiser ME104	2340	SPEAKER0149
Sennheiser ME104	2090	SPEAKER0150
Sennheiser ME104	0150	SPEAKER0151
Sennheiser ME104	0690	SPEAKER0152
Sennheiser ME104	1740	SPEAKER0153
Sennheiser ME104	3940	SPEAKER0154
Sennheiser ME104	3280	SPEAKER0155
Sennheiser ME104	3630	SPEAKER0156
Sennheiser ME104	2670	SPEAKER0157
Sennheiser ME104	1270	SPEAKER0158
Sennheiser ME104	0480	SPEAKER0159
Sennheiser ME104	2140	SPEAKER0160
Sennheiser ME104	2220	SPEAKER0161
Sennheiser ME104	2520	SPEAKER0162
Sennheiser ME104	1570	SPEAKER0163
Sennheiser ME104	0660	SPEAKER0164
Sennheiser ME104	1160	SPEAKER0165
Sennheiser ME104	3470	SPEAKER0166
Sennheiser ME104	3880	SPEAKER0167
Sennheiser ME104	3340	SPEAKER0168
Sennheiser ME104	2350	SPEAKER0169
Sennheiser ME104	1300	SPEAKER0170
Sennheiser ME104	1620	SPEAKER0171
Sennheiser ME104	2790	SPEAKER0172
Sennheiser ME104	2120	SPEAKER0173
Sennheiser ME104	2700	SPEAKER0174
Sennheiser ME104	0530	SPEAKER0175
Sennheiser ME104	0960	SPEAKER0176
Sennheiser ME104	0010	SPEAKER0177
Sennheiser ME104	3750	SPEAKER0178
Sennheiser ME104	3230	SPEAKER0179
Sennheiser ME104	3700	SPEAKER0180
Sennheiser ME104	2500	SPEAKER0181
Sennheiser ME104	0430	SPEAKER0182
Sennheiser ME104	0370	SPEAKER0183
Sennheiser ME104	2660	SPEAKER0184
Sennheiser ME104	2080	SPEAKER0185
Sennheiser ME104	2290	SPEAKER0186
Sennheiser ME104	1710	SPEAKER0187
Sennheiser ME104	0490	SPEAKER0188
Sennheiser ME104	0080	SPEAKER0189
Sennheiser ME104	3160	SPEAKER0190
Sennheiser ME104	1960	SPEAKER0191
Sennheiser ME104	3790	SPEAKER0192
Sennheiser ME104	2640	SPEAKER0193
Sennheiser ME104	1480	SPEAKER0194
Sennheiser ME104	0250	SPEAKER0195
Sennheiser ME104	2930	SPEAKER0196
Sennheiser ME104	2530	SPEAKER0197
Sennheiser ME104	2190	SPEAKER0198
Sennheiser ME104	0320	SPEAKER0199
Sennheiser ME104	0560	SPEAKER0200
AKG C400BL	0990	SPEAKER0201
AKG C400BL	0030	SPEAKER0202
AKG C400BL	1130	SPEAKER0203
AKG C400BL	0650	SPEAKER0204
AKG C400BL	3360	SPEAKER0205
AKG C400BL	3240	SPEAKER0206
AKG C400BL	2800	SPEAKER0207
AKG C400BL	3970	SPEAKER0208
AKG C400BL	2010	SPEAKER0209
AKG C400BL	2200	SPEAKER0210
AKG C400BL	0260	SPEAKER0211
AKG C400BL	1380	SPEAKER0212
AKG C400BL	1870	SPEAKER0213
AKG C400BL	1750	SPEAKER0214
AKG C400BL	3040	SPEAKER0215
AKG C400BL	3660	SPEAKER0216
AKG C400BL	2730	SPEAKER0217
AKG C400BL	3400	SPEAKER0218
AKG C400BL	2300	SPEAKER0219
AKG C400BL	2030	SPEAKER0220
AKG C400BL	0210	SPEAKER0221
AKG C400BL	1860	SPEAKER0222
AKG C400BL	0360	SPEAKER0223
AKG C400BL	1470	SPEAKER0224
AKG C400BL	3030	SPEAKER0225
AKG C400BL	3390	SPEAKER0226
AKG C400BL	3860	SPEAKER0227
AKG C400BL	3270	SPEAKER0228
AKG C400BL	2570	SPEAKER0229
AKG C400BL	1970	SPEAKER0230
AKG C400BL	0740	SPEAKER0231
AKG C400BL	1850	SPEAKER0232
AKG C400BL	1680	SPEAKER0233
AKG C400BL	0090	SPEAKER0234
AKG C400BL	3210	SPEAKER0235
AKG C400BL	3520	SPEAKER0236
AKG C400BL	2960	SPEAKER0237
AKG C400BL	3000	SPEAKER0238
AKG C400BL	2590	SPEAKER0239
AKG C400BL	2320	SPEAKER0240
AKG C400BL	0190	SPEAKER0241
AKG C400BL	1390	SPEAKER0242
AKG C400BL	1140	SPEAKER0243
AKG C400BL	0920	SPEAKER0244
AKG C400BL	3170	SPEAKER0245
AKG C400BL	3440	SPEAKER0246
AKG C400BL	2780	SPEAKER0247
AKG C400BL	0000	SPEAKER0248
AKG C400BL	2450	SPEAKER0249
AKG C400BL	2490	SPEAKER0250
AKG C400BL	1000	SPEAKER0251
AKG C400BL	0580	SPEAKER0252
AKG C400BL	0130	SPEAKER0253
AKG C400BL	0440	SPEAKER0254
AKG C400BL	3370	SPEAKER0255
AKG C400BL	3350	SPEAKER0256
AKG C400BL	3950	SPEAKER0257
AKG C400BL	3430	SPEAKER0258
AKG C400BL	2110	SPEAKER0259
AKG C400BL	2070	SPEAKER0260
AKG C400BL	1500	SPEAKER0261
AKG C400BL	0640	SPEAKER0262
AKG C400BL	1310	SPEAKER0263
AKG C400BL	0100	SPEAKER0264
AKG C400BL	3710	SPEAKER0265
AKG C400BL	2920	SPEAKER0266
AKG C400BL	3910	SPEAKER0267
AKG C400BL	2020	SPEAKER0268
AKG C400BL	1980	SPEAKER0269
AKG C400BL	0790	SPEAKER0270
AKG C400BL	1920	SPEAKER0271
AKG C400BL	1220	SPEAKER0272
AKG C400BL	3490	SPEAKER0273
AKG C400BL	2210	SPEAKER0274
AKG C400BL	3980	SPEAKER0275
AKG C400BL	2750	SPEAKER0276
AKG C400BL	2950	SPEAKER0277
AKG C400BL	0400	SPEAKER0278
AKG C400BL	0450	SPEAKER0279
AKG C400BL	1340	SPEAKER0280
AKG C400BL	3120	SPEAKER0281
AKG C400BL	2130	SPEAKER0282
AKG C400BL	3130	SPEAKER0283
AKG C400BL	2690	SPEAKER0284
AKG C400BL	0220	SPEAKER0285
AKG C400BL	0770	SPEAKER0286
AKG C400BL	1910	SPEAKER0287
AKG C400BL	3820	SPEAKER0288
AKG C400BL	2720	SPEAKER0289
AKG C400BL	3640	SPEAKER0290
AKG C400BL	2230	SPEAKER0291
AKG C400BL	1760	SPEAKER0292
AKG C400BL	1210	SPEAKER0293
AKG C400BL	0810	SPEAKER0294
AKG C400BL	3570	SPEAKER0295
AKG C400BL	3460	SPEAKER0296
AKG C400BL	2480	SPEAKER0297
AKG C400BL	0310	SPEAKER0298
AKG C400BL	0070	SPEAKER0299
AKG C400BL	0700	SPEAKER0300
